----------------------------------------------------------------
Wed Sep 13 08:28:32 PDT 2023:
Booting Derby version The Apache Software Foundation - Apache Derby - 10.15.2.0 - (1873585): instance a816c00e-018a-8f28-86a2-00001e8f1718 
on database directory C:\Users\rayyu\Documents\GitHub\Password-Manager\database\user with class loader jdk.internal.loader.ClassLoaders$AppClassLoader@254989ff 
Loaded from file:/C:/Users/rayyu/.m2/repository/org/apache/derby/derby/10.15.2.0/derby-10.15.2.0.jar
java.vendor=Oracle Corporation
java.runtime.version=18.0.1.1+2-6
user.dir=C:\Users\rayyu\Documents\GitHub\Password-Manager
os.name=Windows 11
os.arch=amd64
os.version=10.0
derby.system.home=null
Database Class Loader started - derby.database.classpath=''
----------------------------------------------------------------
Wed Sep 13 08:28:32 PDT 2023:
Shutting down instance a816c00e-018a-8f28-86a2-00001e8f1718 on database directory C:\Users\rayyu\Documents\GitHub\Password-Manager\database\user with class loader jdk.internal.loader.ClassLoaders$AppClassLoader@254989ff 
----------------------------------------------------------------
Wed Sep 13 08:28:32 PDT 2023:
Booting Derby version The Apache Software Foundation - Apache Derby - 10.15.2.0 - (1873585): instance 08264012-018a-8f28-86a2-00001e8f1718 
on database directory C:\Users\rayyu\Documents\GitHub\Password-Manager\database\user with class loader jdk.internal.loader.ClassLoaders$AppClassLoader@254989ff 
Loaded from file:/C:/Users/rayyu/.m2/repository/org/apache/derby/derby/10.15.2.0/derby-10.15.2.0.jar
java.vendor=Oracle Corporation
java.runtime.version=18.0.1.1+2-6
user.dir=C:\Users\rayyu\Documents\GitHub\Password-Manager
os.name=Windows 11
os.arch=amd64
os.version=10.0
derby.system.home=null
Database Class Loader started - derby.database.classpath=''
----------------------------------------------------------------
Wed Sep 13 08:28:38 PDT 2023:
Shutting down instance 08264012-018a-8f28-86a2-00001e8f1718 on database directory C:\Users\rayyu\Documents\GitHub\Password-Manager\database\user with class loader jdk.internal.loader.ClassLoaders$AppClassLoader@254989ff 
